/*C2*/SET SCHEMA PUBLIC
INSERT INTO SERVICE VALUES('e22563e6-79b0-4c5d-9','242aa2e9-847b-476c-a','RummyCardDemo')
COMMIT
INSERT INTO ROOM VALUES('e22563e6-79b0-4c5d-9','1511274136',4,'test','{}')
COMMIT
DELETE FROM ROOM WHERE APPKEY='e22563e6-79b0-4c5d-9' AND ID='1511274136'
INSERT INTO ROOM VALUES('e22563e6-79b0-4c5d-9','1511274136',4,'test','{}')
COMMIT
DELETE FROM ROOM WHERE APPKEY='e22563e6-79b0-4c5d-9' AND ID='1511274136'
INSERT INTO ROOM VALUES('e22563e6-79b0-4c5d-9','1511274136',4,'test','{}')
COMMIT
DELETE FROM ROOM WHERE APPKEY='e22563e6-79b0-4c5d-9' AND ID='1511274136'
INSERT INTO ROOM VALUES('e22563e6-79b0-4c5d-9','1511274136',4,'test','{}')
COMMIT
DELETE FROM ROOM WHERE APPKEY='e22563e6-79b0-4c5d-9' AND ID='1511274136'
INSERT INTO ROOM VALUES('e22563e6-79b0-4c5d-9','1511274136',4,'test','{}')
COMMIT
DELETE FROM ROOM WHERE APPKEY='e22563e6-79b0-4c5d-9' AND ID='1511274136'
INSERT INTO ROOM VALUES('e22563e6-79b0-4c5d-9','1511274136',4,'test','{}')
COMMIT
DELETE FROM ROOM WHERE APPKEY='e22563e6-79b0-4c5d-9' AND ID='1511274136'
INSERT INTO ROOM VALUES('e22563e6-79b0-4c5d-9','1511274136',4,'test','{}')
COMMIT
DELETE FROM ROOM WHERE APPKEY='e22563e6-79b0-4c5d-9' AND ID='1511274136'
INSERT INTO ROOM VALUES('e22563e6-79b0-4c5d-9','1511274136',4,'test','{}')
COMMIT
DELETE FROM ROOM WHERE APPKEY='e22563e6-79b0-4c5d-9' AND ID='1511274136'
INSERT INTO ROOM VALUES('e22563e6-79b0-4c5d-9','1511274136',4,'test','{}')
COMMIT
DELETE FROM ROOM WHERE APPKEY='e22563e6-79b0-4c5d-9' AND ID='1511274136'
INSERT INTO ROOM VALUES('e22563e6-79b0-4c5d-9','1511274136',4,'test','{}')
COMMIT
DELETE FROM ROOM WHERE APPKEY='e22563e6-79b0-4c5d-9' AND ID='1511274136'
INSERT INTO ROOM VALUES('e22563e6-79b0-4c5d-9','1511274136',4,'test','{}')
COMMIT
DELETE FROM ROOM WHERE APPKEY='e22563e6-79b0-4c5d-9' AND ID='1511274136'
INSERT INTO ROOM VALUES('e22563e6-79b0-4c5d-9','1511274136',4,'test','{}')
COMMIT
DELETE FROM ROOM WHERE APPKEY='e22563e6-79b0-4c5d-9' AND ID='1511274136'
INSERT INTO ROOM VALUES('e22563e6-79b0-4c5d-9','1511274136',4,'test','{}')
COMMIT
DELETE FROM ROOM WHERE APPKEY='e22563e6-79b0-4c5d-9' AND ID='1511274136'
INSERT INTO ROOM VALUES('e22563e6-79b0-4c5d-9','1511274136',4,'test','{}')
COMMIT
DELETE FROM ROOM WHERE APPKEY='e22563e6-79b0-4c5d-9' AND ID='1511274136'
INSERT INTO ROOM VALUES('e22563e6-79b0-4c5d-9','1511274136',4,'test','{}')
COMMIT
DELETE FROM ROOM WHERE APPKEY='e22563e6-79b0-4c5d-9' AND ID='1511274136'
INSERT INTO ROOM VALUES('e22563e6-79b0-4c5d-9','1511274136',4,'test','{}')
COMMIT
DELETE FROM ROOM WHERE APPKEY='e22563e6-79b0-4c5d-9' AND ID='1511274136'
INSERT INTO ROOM VALUES('e22563e6-79b0-4c5d-9','1511274136',4,'test','{}')
COMMIT
DELETE FROM ROOM WHERE APPKEY='e22563e6-79b0-4c5d-9' AND ID='1511274136'
INSERT INTO ROOM VALUES('e22563e6-79b0-4c5d-9','1511274136',4,'test','{}')
COMMIT
DELETE FROM ROOM WHERE APPKEY='e22563e6-79b0-4c5d-9' AND ID='1511274136'
INSERT INTO ROOM VALUES('e22563e6-79b0-4c5d-9','1511274136',4,'test','{}')
COMMIT
DELETE FROM ROOM WHERE APPKEY='e22563e6-79b0-4c5d-9' AND ID='1511274136'
INSERT INTO ROOM VALUES('e22563e6-79b0-4c5d-9','1511274136',4,'test','{}')
COMMIT
DELETE FROM ROOM WHERE APPKEY='e22563e6-79b0-4c5d-9' AND ID='1511274136'
INSERT INTO ROOM VALUES('e22563e6-79b0-4c5d-9','1511274136',4,'test','{}')
COMMIT
DELETE FROM ROOM WHERE APPKEY='e22563e6-79b0-4c5d-9' AND ID='1511274136'
INSERT INTO ROOM VALUES('e22563e6-79b0-4c5d-9','1511274136',4,'test','{}')
COMMIT
DELETE FROM ROOM WHERE APPKEY='e22563e6-79b0-4c5d-9' AND ID='1511274136'
INSERT INTO ROOM VALUES('e22563e6-79b0-4c5d-9','1511274136',4,'test','{}')
COMMIT
DELETE FROM ROOM WHERE APPKEY='e22563e6-79b0-4c5d-9' AND ID='1511274136'
INSERT INTO ROOM VALUES('e22563e6-79b0-4c5d-9','1511274136',4,'test','{}')
COMMIT
DELETE FROM ROOM WHERE APPKEY='e22563e6-79b0-4c5d-9' AND ID='1511274136'
INSERT INTO ROOM VALUES('e22563e6-79b0-4c5d-9','1511274136',4,'test','{}')
COMMIT
